<?xml version="1.0" encoding="UTF-8"?>
<testng-results ignored="0" total="1" passed="1" failed="0" skipped="0">
  <reporter-output>
  </reporter-output>
  <suite started-at="2021-04-10T21:07:33 IST" name="Default suite" finished-at="2021-04-10T21:08:35 IST" duration-ms="61346">
    <groups>
    </groups>
    <test started-at="2021-04-10T21:07:33 IST" name="Default test" finished-at="2021-04-10T21:08:35 IST" duration-ms="61346">
      <class name="com.Redbus.TestCase.RedBusTest">
        <test-method signature="f()[pri:0, instance:com.Redbus.TestCase.RedBusTest@795cd85e]" started-at="2021-04-10T21:07:33 IST" name="f" finished-at="2021-04-10T21:08:34 IST" duration-ms="60175" status="PASS">
          <reporter-output>
          </reporter-output>
        </test-method> <!-- f -->
        <test-method is-config="true" signature="Teardown()[pri:0, instance:com.Redbus.TestCase.RedBusTest@795cd85e]" started-at="2021-04-10T21:08:34 IST" name="Teardown" finished-at="2021-04-10T21:08:35 IST" duration-ms="1024" status="PASS">
          <reporter-output>
          </reporter-output>
        </test-method> <!-- Teardown -->
      </class> <!-- com.Redbus.TestCase.RedBusTest -->
    </test> <!-- Default test -->
  </suite> <!-- Default suite -->
</testng-results>
